[    0.000000] Initializing cgroup subsys cpuset
[    0.000000] Initializing cgroup subsys cpu
[    0.000000] Initializing cgroup subsys cpuacct
[    0.000000] Linux version 4.4.0-210-generic (buildd@lgw01-amd64-009) (gcc version 5.4.0 20160609 (Ubuntu 5.4.0-6ubuntu1~16.04.12) ) #242-Ubuntu SMP Fri Apr 16 09:57:56 UTC 2021 (Ubuntu 4.4.0-210.242-generic 4.4.262)
[    0.000000] Command line: BOOT_IMAGE=/boot/vmlinuz-4.4.0-210-generic root=LABEL=cloudimg-rootfs ro console=tty1 console=ttyS0
[    0.000000] KERNEL supported cpus:
[    0.000000]   Intel GenuineIntel
[    0.000000]   AMD AuthenticAMD
[    0.000000]   Centaur CentaurHauls
[    0.000000] [Firmware Bug]: TSC doesn't count with P0 frequency!
[    0.000000] x86/fpu: Legacy x87 FPU detected.
[    0.000000] e820: BIOS-provided physical RAM map:
[    0.000000] BIOS-e820: [mem 0x0000000000000000-0x000000000009fbff] usable
[    0.000000] BIOS-e820: [mem 0x000000000009fc00-0x000000000009ffff] reserved
[    0.000000] BIOS-e820: [mem 0x00000000000f0000-0x00000000000fffff] reserved
[    0.000000] BIOS-e820: [mem 0x0000000000100000-0x000000003ffeffff] usable
[    0.000000] BIOS-e820: [mem 0x000000003fff0000-0x000000003fffffff] ACPI data
[    0.000000] BIOS-e820: [mem 0x00000000fec00000-0x00000000fec00fff] reserved
[    0.000000] BIOS-e820: [mem 0x00000000fee00000-0x00000000fee00fff] reserved
[    0.000000] BIOS-e820: [mem 0x00000000fffc0000-0x00000000ffffffff] reserved
[    0.000000] NX (Execute Disable) protection: active
[    0.000000] SMBIOS 2.5 present.
[    0.000000] Hypervisor detected: KVM
[    0.000000] Kernel/User page tables isolation: disabled
[    0.000000] e820: last_pfn = 0x3fff0 max_arch_pfn = 0x400000000
[    0.000000] MTRR: Disabled
[    0.000000] x86/PAT: MTRRs disabled, skipping PAT initialization too.
[    0.000000] CPU MTRRs all blank - virtualized system.
[    0.000000] x86/PAT: Configuration [0-7]: WB  WT  UC- UC  WB  WT  UC- UC  
[    0.000000] found SMP MP-table at [mem 0x0009fff0-0x0009ffff] mapped at [ffff88000009fff0]
[    0.000000] Scanning 1 areas for low memory corruption
[    0.000000] RAMDISK: [mem 0x362dc000-0x37165fff]
[    0.000000] ACPI: Early table checksum verification disabled
[    0.000000] ACPI: RSDP 0x00000000000E0000 000024 (v02 VBOX  )
[    0.000000] ACPI: XSDT 0x000000003FFF0030 00003C (v01 VBOX   VBOXXSDT 00000001 ASL  00000061)
[    0.000000] ACPI: FACP 0x000000003FFF00F0 0000F4 (v04 VBOX   VBOXFACP 00000001 ASL  00000061)
[    0.000000] ACPI: DSDT 0x000000003FFF0610 002353 (v02 VBOX   VBOXBIOS 00000002 INTL 20100528)
[    0.000000] ACPI: FACS 0x000000003FFF0200 000040
[    0.000000] ACPI: FACS 0x000000003FFF0200 000040
[    0.000000] ACPI: APIC 0x000000003FFF0240 00005C (v02 VBOX   VBOXAPIC 00000001 ASL  00000061)
[    0.000000] ACPI: SSDT 0x000000003FFF02A0 00036C (v01 VBOX   VBOXCPUT 00000002 INTL 20100528)
[    0.000000] No NUMA configuration found
[    0.000000] Faking a node at [mem 0x0000000000000000-0x000000003ffeffff]
[    0.000000] NODE_DATA(0) allocated [mem 0x3ffeb000-0x3ffeffff]
[    0.000000] kvm-clock: Using msrs 4b564d01 and 4b564d00
[    0.000000] kvm-clock: cpu 0, msr 0:3ffe3001, primary cpu clock
[    0.000000] kvm-clock: using sched offset of 3178374992 cycles
[    0.000000] clocksource: kvm-clock: mask: 0xffffffffffffffff max_cycles: 0x1cd42e4dffb, max_idle_ns: 881590591483 ns
[    0.000000] Zone ranges:
[    0.000000]   DMA      [mem 0x0000000000001000-0x0000000000ffffff]
[    0.000000]   DMA32    [mem 0x0000000001000000-0x000000003ffeffff]
[    0.000000]   Normal   empty
[    0.000000]   Device   empty
[    0.000000] Movable zone start for each node
[    0.000000] Early memory node ranges
[    0.000000]   node   0: [mem 0x0000000000001000-0x000000000009efff]
[    0.000000]   node   0: [mem 0x0000000000100000-0x000000003ffeffff]
[    0.000000] Initmem setup node 0 [mem 0x0000000000001000-0x000000003ffeffff]
[    0.000000] ACPI: PM-Timer IO Port: 0x4008
[    0.000000] IOAPIC[0]: apic_id 2, version 32, address 0xfec00000, GSI 0-23
[    0.000000] ACPI: INT_SRC_OVR (bus 0 bus_irq 0 global_irq 2 dfl dfl)
[    0.000000] ACPI: INT_SRC_OVR (bus 0 bus_irq 9 global_irq 9 low level)
[    0.000000] Using ACPI (MADT) for SMP configuration information
[    0.000000] smpboot: Allowing 2 CPUs, 0 hotplug CPUs
[    0.000000] PM: Registered nosave memory: [mem 0x00000000-0x00000fff]
[    0.000000] PM: Registered nosave memory: [mem 0x0009f000-0x0009ffff]
[    0.000000] PM: Registered nosave memory: [mem 0x000a0000-0x000effff]
[    0.000000] PM: Registered nosave memory: [mem 0x000f0000-0x000fffff]
[    0.000000] e820: [mem 0x40000000-0xfebfffff] available for PCI devices
[    0.000000] Booting paravirtualized kernel on KVM
[    0.000000] clocksource: refined-jiffies: mask: 0xffffffff max_cycles: 0xffffffff, max_idle_ns: 7645519600211568 ns
[    0.000000] setup_percpu: NR_CPUS:512 nr_cpumask_bits:512 nr_cpu_ids:2 nr_node_ids:1
[    0.000000] PERCPU: Embedded 33 pages/cpu @ffff88003fc00000 s95192 r8192 d31784 u1048576
[    0.000000] Built 1 zonelists in Node order, mobility grouping on.  Total pages: 257912
[    0.000000] Policy zone: DMA32
[    0.000000] Kernel command line: BOOT_IMAGE=/boot/vmlinuz-4.4.0-210-generic root=LABEL=cloudimg-rootfs ro console=tty1 console=ttyS0
[    0.000000] PID hash table entries: 4096 (order: 3, 32768 bytes)
[    0.000000] Memory: 997792K/1048120K available (8644K kernel code, 1332K rwdata, 4044K rodata, 1492K init, 1164K bss, 50328K reserved, 0K cma-reserved)
[    0.000000] SLUB: HWalign=64, Order=0-3, MinObjects=0, CPUs=2, Nodes=1
[    0.000000] Hierarchical RCU implementation.
[    0.000000] 	Build-time adjustment of leaf fanout to 64.
[    0.000000] 	RCU restricting CPUs from NR_CPUS=512 to nr_cpu_ids=2.
[    0.000000] RCU: Adjusting geometry for rcu_fanout_leaf=64, nr_cpu_ids=2
[    0.000000] NR_IRQS:33024 nr_irqs:440 16
[    0.000000] Console: colour VGA+ 80x25
[    0.000000] console [tty1] enabled
[    0.000000] console [ttyS0] enabled
[    0.000000] tsc: Detected 3193.922 MHz processor
[    0.301231] Calibrating delay loop (skipped) preset value.. 6387.84 BogoMIPS (lpj=12775688)
[    0.305377] pid_max: default: 32768 minimum: 301
[    0.307605] ACPI: Core revision 20150930
[    0.310356] ACPI: 2 ACPI AML tables successfully acquired and loaded
[    0.313837] Security Framework initialized
[    0.315818] Yama: becoming mindful.
[    0.317627] AppArmor: AppArmor initialized
[    0.319683] Dentry cache hash table entries: 131072 (order: 8, 1048576 bytes)
[    0.325107] Inode-cache hash table entries: 65536 (order: 7, 524288 bytes)
[    0.329275] Mount-cache hash table entries: 2048 (order: 2, 16384 bytes)
[    0.332276] Mountpoint-cache hash table entries: 2048 (order: 2, 16384 bytes)
[    0.336046] Initializing cgroup subsys io
[    0.338495] Initializing cgroup subsys memory
[    0.340696] Initializing cgroup subsys devices
[    0.342834] Initializing cgroup subsys freezer
[    0.346217] Initializing cgroup subsys net_cls
[    0.348375] Initializing cgroup subsys perf_event
[    0.351278] Initializing cgroup subsys net_prio
[    0.354024] Initializing cgroup subsys hugetlb
[    0.356302] Initializing cgroup subsys pids
[    0.359389] mce: CPU supports 0 MCE banks
[    0.361533] Last level iTLB entries: 4KB 512, 2MB 512, 4MB 256
[    0.364411] Last level dTLB entries: 4KB 2048, 2MB 2048, 4MB 1024, 1GB 0
[    0.367760] Spectre V1 : Mitigation: usercopy/swapgs barriers and __user pointer sanitization
[    0.371851] Spectre V2 : Spectre mitigation: LFENCE not serializing, switching to generic retpoline
[    0.376729] Spectre V2 : Mitigation: Full generic retpoline
[    0.380952] Spectre V2 : Spectre v2 / SpectreRSB mitigation: Filling RSB on context switch
[    0.411557] Freeing SMP alternatives memory: 36K
[    0.476287] ftrace: allocating 32380 entries in 127 pages
[    0.914666] smpboot: APIC(0) Converting physical 0 to logical package 0
[    0.918282] smpboot: Max logical packages: 1
[    0.928446] ..TIMER: vector=0x30 apic1=0 pin1=2 apic2=-1 pin2=-1
[    1.039840] APIC calibration not consistent with PM-Timer: 101ms instead of 100ms
[    1.044040] APIC delta adjusted to PM-Timer: 6277403 (6397181)
[    1.047337] smpboot: CPU0: AMD Ryzen 7 5800H with Radeon Graphics (family: 0x19, model: 0x50, stepping: 0x0)
[    1.052895] Performance Events: Broken PMU hardware detected, using software events only.
[    1.057214] Failed to access perfctr msr (MSR c0010007 is 0)
[    1.126976] KVM setup paravirtual spinlock
[    1.131126] x86: Booting SMP configuration:
[    1.133333] .... node  #0, CPUs:      #1
[    1.136394] kvm-clock: cpu 1, msr 0:3ffe3041, secondary cpu clock
[    1.139340] mce: CPU supports 0 MCE banks
[    1.142482] TSC synchronization [CPU#0 -> CPU#1]:
[    1.144819] Measured 59808 cycles TSC warp between CPUs, turning off TSC clock.
[    1.148610] tsc: Marking TSC unstable due to check_tsc_sync_source failed
[    0.408298] x86: Booted up 1 node, 2 CPUs
[    0.410626] smpboot: Total of 2 processors activated (12775.68 BogoMIPS)
[    0.416581] devtmpfs: initialized
[    0.420519] evm: security.selinux
[    0.422243] evm: security.SMACK64
[    0.424008] evm: security.SMACK64EXEC
[    0.426351] evm: security.SMACK64TRANSMUTE
[    0.428006] evm: security.SMACK64MMAP
[    0.429801] evm: security.ima
[    0.432005] evm: security.capability
[    0.433873] clocksource: jiffies: mask: 0xffffffff max_cycles: 0xffffffff, max_idle_ns: 7645041785100000 ns
[    0.436156] futex hash table entries: 512 (order: 3, 32768 bytes)
[    0.440218] pinctrl core: initialized pinctrl subsystem
[    0.444322] RTC time:  6:26:26, date: 06/25/24
[    0.448930] NET: Registered protocol family 16
[    0.464019] cpuidle: using governor ladder
[    0.476013] cpuidle: using governor menu
[    0.478240] PCCT header not found.
[    0.481698] ACPI: bus type PCI registered
[    0.484015] acpiphp: ACPI Hot Plug PCI Controller Driver version: 0.5
[    0.487365] PCI: Using configuration type 1 for base access
[    0.488003] PCI: Using configuration type 1 for extended access
[    0.508254] ACPI: Added _OSI(Module Device)
[    0.510291] ACPI: Added _OSI(Processor Device)
[    0.512005] ACPI: Added _OSI(3.0 _SCP Extensions)
[    0.514530] ACPI: Added _OSI(Processor Aggregator Device)
[    0.516682] ACPI: Executed 1 blocks of module-level executable AML code
[    0.524112] ACPI: Interpreter enabled
[    0.525963] ACPI: (supports S0 S5)
[    0.527633] ACPI: Using IOAPIC for interrupt routing
[    0.528222] PCI: Using host bridge windows from ACPI; if necessary, use "pci=nocrs" and report a bug
[    0.538760] ACPI: PCI Root Bridge [PCI0] (domain 0000 [bus 00-ff])
[    0.540017] acpi PNP0A03:00: _OSC: OS supports [ExtendedConfig ASPM ClockPM Segments MSI]
[    0.544744] acpi PNP0A03:00: _OSC: platform does not support [PCIeCapability]
[    0.548351] acpi PNP0A03:00: _OSC: not requesting control; platform does not support [PCIeCapability]
[    0.552005] acpi PNP0A03:00: _OSC: OS requested [PCIeHotplug PME AER PCIeCapability]
[    0.556005] acpi PNP0A03:00: _OSC: platform willing to grant [PCIeHotplug PME AER]
[    0.560005] acpi PNP0A03:00: _OSC failed (AE_SUPPORT); disabling ASPM
[    0.564517] PCI host bridge to bus 0000:00
[    0.568005] pci_bus 0000:00: root bus resource [io  0x0000-0x0cf7 window]
[    0.571185] pci_bus 0000:00: root bus resource [io  0x0d00-0xffff window]
[    0.572006] pci_bus 0000:00: root bus resource [mem 0x000a0000-0x000bffff window]
[    0.576008] pci_bus 0000:00: root bus resource [mem 0x40000000-0xfdffffff window]
[    0.580005] pci_bus 0000:00: root bus resource [bus 00-ff]
[    0.585778] pci 0000:00:01.1: legacy IDE quirk: reg 0x10: [io  0x01f0-0x01f7]
[    0.588003] pci 0000:00:01.1: legacy IDE quirk: reg 0x14: [io  0x03f6]
[    0.592004] pci 0000:00:01.1: legacy IDE quirk: reg 0x18: [io  0x0170-0x0177]
[    0.596006] pci 0000:00:01.1: legacy IDE quirk: reg 0x1c: [io  0x0376]
[    0.610891] pci 0000:00:07.0: quirk: [io  0x4000-0x403f] claimed by PIIX4 ACPI
[    0.612025] pci 0000:00:07.0: quirk: [io  0x4100-0x410f] claimed by PIIX4 SMB
[    0.623427] ACPI: PCI Interrupt Link [LNKA] (IRQs 5 9 10 *11)
[    0.625838] ACPI: PCI Interrupt Link [LNKB] (IRQs 5 9 *10 11)
[    0.629721] ACPI: PCI Interrupt Link [LNKC] (IRQs 5 *9 10 11)
[    0.636418] ACPI: PCI Interrupt Link [LNKD] (IRQs 5 9 10 *11)
[    0.640518] ACPI: Enabled 2 GPEs in block 00 to 07
[    0.644072] vgaarb: setting as boot device: PCI:0000:00:02.0
[    0.646696] vgaarb: device added: PCI:0000:00:02.0,decodes=io+mem,owns=io+mem,locks=none
[    0.648004] vgaarb: loaded
[    0.652002] vgaarb: bridge control possible 0000:00:02.0
[    0.654819] SCSI subsystem initialized
[    0.656152] ACPI: bus type USB registered
[    0.660018] usbcore: registered new interface driver usbfs
[    0.662664] usbcore: registered new interface driver hub
[    0.664016] usbcore: registered new device driver usb
[    0.668208] PCI: Using ACPI for IRQ routing
[    0.672501] NetLabel: Initializing
[    0.676002] NetLabel:  domain hash size = 128
[    0.680006] NetLabel:  protocols = UNLABELED CIPSOv4
[    0.684014] NetLabel:  unlabeled traffic allowed by default
[    0.688108] amd_nb: Cannot enumerate AMD northbridges
[    0.692161] clocksource: Switched to clocksource kvm-clock
[    0.711539] AppArmor: AppArmor Filesystem Enabled
[    0.716220] pnp: PnP ACPI init
[    0.719406] pnp: PnP ACPI: found 3 devices
[    0.750641] clocksource: acpi_pm: mask: 0xffffff max_cycles: 0xffffff, max_idle_ns: 2085701024 ns
[    0.755279] NET: Registered protocol family 2
[    0.758034] TCP established hash table entries: 8192 (order: 4, 65536 bytes)
[    0.761776] TCP bind hash table entries: 8192 (order: 5, 131072 bytes)
[    0.765367] TCP: Hash tables configured (established 8192 bind 8192)
[    0.769404] UDP hash table entries: 512 (order: 2, 16384 bytes)
[    0.772671] UDP-Lite hash table entries: 512 (order: 2, 16384 bytes)
[    0.776064] NET: Registered protocol family 1
[    0.778458] pci 0000:00:00.0: Limiting direct PCI/PCI transfers
[    0.781605] pci 0000:00:01.0: Activating ISA DMA hang workarounds
[    0.785097] Unpacking initramfs...
[    0.806271] Freeing initrd memory: 14888K
[    1.010680] clocksource: tsc: mask: 0xffffffffffffffff max_cycles: 0x2e09dc5ceeb, max_idle_ns: 440795247995 ns
[    1.016971] platform rtc_cmos: registered platform RTC device (no PNP device found)
[    1.020932] Scanning for low memory corruption every 60 seconds
[    1.025142] audit: initializing netlink subsys (disabled)
[    1.027661] audit: type=2000 audit(1719296791.376:1): initialized
[    1.030804] Initialise system trusted keyring
[    1.033890] HugeTLB registered 2 MB page size, pre-allocated 0 pages
[    1.038225] zbud: loaded
[    1.040502] VFS: Disk quotas dquot_6.6.0
[    1.042434] VFS: Dquot-cache hash table entries: 512 (order 0, 4096 bytes)
[    1.045765] squashfs: version 4.0 (2009/01/31) Phillip Lougher
[    1.049407] fuse init (API version 7.23)
[    1.051739] Key type big_key registered
[    1.053654] Allocating IMA MOK and blacklist keyrings.
[    1.064425] Key type asymmetric registered
[    1.066384] Asymmetric key parser 'x509' registered
[    1.068745] Block layer SCSI generic (bsg) driver version 0.4 loaded (major 249)
[    1.072853] io scheduler noop registered
[    1.074668] io scheduler deadline registered (default)
[    1.077159] io scheduler cfq registered
[    1.079118] pci_hotplug: PCI Hot Plug PCI Core version: 0.5
[    1.081709] pciehp: PCI Express Hot Plug Controller Driver version: 0.4
[    1.084892] ACPI: AC Adapter [AC] (on-line)
[    1.086877] input: Power Button as /devices/LNXSYSTM:00/LNXPWRBN:00/input/input0
[    1.090290] ACPI: Power Button [PWRF]
[    1.092642] input: Sleep Button as /devices/LNXSYSTM:00/LNXSLPBN:00/input/input1
[    1.096082] ACPI: Sleep Button [SLPF]
[    1.099796] GHES: HEST is not enabled!
[    1.100531] ACPI: Battery Slot [BAT0] (battery present)
[    1.104460] Serial: 8250/16550 driver, 32 ports, IRQ sharing enabled
[    1.130185] 00:02: ttyS0 at I/O 0x3f8 (irq = 4, base_baud = 115200) is a 16550A
[    1.144846] Linux agpgart interface v0.103
[    1.155282] loop: module loaded
[    1.158528] scsi host0: ata_piix
[    1.160971] scsi host1: ata_piix
[    1.162702] ata1: PATA max UDMA/33 cmd 0x1f0 ctl 0x3f6 bmdma 0xd000 irq 14
[    1.165980] ata2: PATA max UDMA/33 cmd 0x170 ctl 0x376 bmdma 0xd008 irq 15
[    1.169554] libphy: Fixed MDIO Bus: probed
[    1.171579] tun: Universal TUN/TAP device driver, 1.6
[    1.174217] tun: (C) 1999-2004 Max Krasnyansky <maxk@qualcomm.com>
[    1.177566] PPP generic driver version 2.4.2
[    1.179984] ehci_hcd: USB 2.0 'Enhanced' Host Controller (EHCI) Driver
[    1.183114] ehci-pci: EHCI PCI platform driver
[    1.185451] ehci-platform: EHCI generic platform driver
[    1.187937] ohci_hcd: USB 1.1 'Open' Host Controller (OHCI) Driver
[    1.190961] ohci-pci: OHCI PCI platform driver
[    1.193430] ohci-platform: OHCI generic platform driver
[    1.195986] uhci_hcd: USB Universal Host Controller Interface driver
[    1.199191] i8042: PNP: PS/2 Controller [PNP0303:PS2K,PNP0f03:PS2M] at 0x60,0x64 irq 1,12
[    1.204901] serio: i8042 KBD port at 0x60,0x64 irq 1
[    1.207307] serio: i8042 AUX port at 0x60,0x64 irq 12
[    1.210583] mousedev: PS/2 mouse device common for all mice
[    1.214884] input: AT Translated Set 2 keyboard as /devices/platform/i8042/serio0/input/input2
[    1.220518] rtc_cmos rtc_cmos: rtc core: registered rtc_cmos as rtc0
[    1.223744] rtc_cmos rtc_cmos: alarms up to one day, 114 bytes nvram
[    1.226871] i2c /dev entries driver
[    1.229187] device-mapper: uevent: version 1.0.3
[    1.231794] device-mapper: ioctl: 4.34.0-ioctl (2015-10-28) initialised: dm-devel@redhat.com
[    1.236124] ledtrig-cpu: registered to indicate activity on CPUs
[    1.240907] NET: Registered protocol family 10
[    1.243967] NET: Registered protocol family 17
[    1.246389] Key type dns_resolver registered
[    1.249677] registered taskstats version 1
[    1.251623] Loading compiled-in X.509 certificates
[    1.254263] Loaded X.509 cert 'Build time autogenerated kernel key: cf00e047681d67edb2720680708b7d9498083038'
[    1.258932] zswap: loaded using pool lzo/zbud
[    1.264873] Key type trusted registered
[    1.272115] Key type encrypted registered
[    1.273990] AppArmor: AppArmor sha1 policy hashing enabled
[    1.276088] ima: No TPM chip found, activating TPM-bypass!
[    1.279037] ima: Allocated hash algorithm: sha1
[    1.281231] evm: HMAC attrs: 0x1
[    1.283606]   Magic number: 12:886:418
[    1.286178] rtc_cmos rtc_cmos: setting system clock to 2024-06-25 06:26:27 UTC (1719296787)
[    1.290597] BIOS EDD facility v0.16 2004-Jun-25, 0 devices found
[    1.293747] EDD information not available.
[    1.372004] Freeing unused kernel memory: 1492K
[    1.374269] Write protecting the kernel read-only data: 14336k
[    1.377741] Freeing unused kernel memory: 1584K
[    1.380117] Freeing unused kernel memory: 52K
Loading, please wait...
starting version 229
[    1.399751] random: systemd-udevd: uninitialized urandom read (16 bytes read, 7 bits of entropy available)
[    1.400415] random: udevadm: uninitialized urandom read (16 bytes read, 7 bits of entropy available)
[    1.400426] random: udevadm: uninitialized urandom read (16 bytes read, 7 bits of entropy available)
[    1.407640] random: udevadm: uninitialized urandom read (16 bytes read, 7 bits of entropy available)
[    1.407668] random: udevadm: uninitialized urandom read (16 bytes read, 7 bits of entropy available)
[    1.407775] random: udevadm: uninitialized urandom read (16 bytes read, 7 bits of entropy available)
[    1.407848] random: udevadm: uninitialized urandom read (16 bytes read, 7 bits of entropy available)
[    1.407899] random: udevadm: uninitialized urandom read (16 bytes read, 7 bits of entropy available)
[    1.407958] random: udevadm: uninitialized urandom read (16 bytes read, 7 bits of entropy available)
[    1.407987] random: udevadm: uninitialized urandom read (16 bytes read, 7 bits of entropy available)
[    1.472082] Fusion MPT base driver 3.04.20
[    1.474298] Copyright (c) 1999-2008 LSI Corporation
[    1.480273] e1000: Intel(R) PRO/1000 Network Driver - version 7.3.21-k8-NAPI
[    1.483535] e1000: Copyright (c) 1999-2006 Intel Corporation.
[    1.506351] SSE version of gcm_enc/dec engaged.
[    1.515957] Fusion MPT SPI Host driver 3.04.20
[    1.936494] input: ImExPS/2 Generic Explorer Mouse as /devices/platform/i8042/serio1/input/input4
[    1.964731] e1000 0000:00:03.0 eth0: (PCI:33MHz:32-bit) 02:be:82:6b:cc:1d
[    1.967943] e1000 0000:00:03.0 eth0: Intel(R) PRO/1000 Network Connection
[    1.972461] mptbase: ioc0: Initiating bringup
[    2.046005] ioc0: LSI53C1030 A0: Capabilities={Initiator}
[    2.217035] scsi host2: ioc0: LSI53C1030 A0, FwRev=00000000h, Ports=1, MaxQ=256, IRQ=20
[    2.333197] scsi 2:0:0:0: Direct-Access     VBOX     HARDDISK         1.0  PQ: 0 ANSI: 5
[    2.336971] scsi target2:0:0: Beginning Domain Validation
[    2.344499] scsi target2:0:0: Domain Validation skipping write tests
[    2.347303] scsi target2:0:0: Ending Domain Validation
[    2.349897] scsi target2:0:0: asynchronous
[    2.353671] scsi 2:0:1:0: Direct-Access     VBOX     HARDDISK         1.0  PQ: 0 ANSI: 5
[    2.357625] scsi target2:0:1: Beginning Domain Validation
[    2.366448] scsi target2:0:1: Domain Validation skipping write tests
[    2.369355] scsi target2:0:1: Ending Domain Validation
[    2.371876] scsi target2:0:1: asynchronous
[    2.388989] sd 2:0:0:0: Attached scsi generic sg0 type 0
[    2.391579] sd 2:0:0:0: [sda] 83886080 512-byte logical blocks: (42.9 GB/40.0 GiB)
[    2.395618] sd 2:0:1:0: Attached scsi generic sg1 type 0
[    2.398189] sd 2:0:1:0: [sdb] 20480 512-byte logical blocks: (10.5 MB/10.0 MiB)
[    2.402268] sd 2:0:0:0: [sda] Write Protect is off
[    2.404774] sd 2:0:1:0: [sdb] Write Protect is off
[    2.407246] sd 2:0:0:0: [sda] Incomplete mode parameter data
[    2.409875] sd 2:0:0:0: [sda] Assuming drive cache: write through
[    2.412692] sd 2:0:1:0: [sdb] Incomplete mode parameter data
[    2.415258] sd 2:0:1:0: [sdb] Assuming drive cache: write through
[    2.421298]  sda: sda1
[    2.424858] sd 2:0:0:0: [sda] Attached SCSI disk
[    2.426995] sd 2:0:1:0: [sdb] Attached SCSI disk
[    2.838011] e1000 0000:00:08.0 eth1: (PCI:33MHz:32-bit) 08:00:27:40:b5:d1
[    2.841287] e1000 0000:00:08.0 eth1: Intel(R) PRO/1000 Network Connection
[    2.845825] e1000 0000:00:03.0 enp0s3: renamed from eth0
[    2.861553] e1000 0000:00:08.0 enp0s8: renamed from eth1
Begin: Loading essential drivers ... [    4.165823] md: linear personality registered for level -1
[    4.171286] md: multipath personality registered for level -4
[    4.176243] md: raid0 personality registered for level 0
[    4.187152] md: raid1 personality registered for level 1
